<?xml version="1.0" encoding="UTF-8"?>
<robot generator="Robot 7.0.1 (Python 3.12.4 on win32)" generated="2024-08-16T13:39:38.591660" rpa="false" schemaversion="5">
<suite id="s1" name="Test-Linkedin" source="C:\Users\salah\Downloads\automated-test\api\tests\test-linkedin.robot">
<test id="s1-t1" name="Post Job Search Request" line="12">
<kw name="Create Headers">
<kw name="Create Dictionary" owner="BuiltIn">
<msg time="2024-08-16T13:39:39.365632" level="INFO">${headers} = {'x-rapidapi-key': '6fc4363381mshccc938c5300e831p1a2d4cjsnc09dc6d2a411', 'x-rapidapi-host': 'linkedin-jobs-scraper-api.p.rapidapi.com', 'Content-Type': 'application/json'}</msg>
<var>${headers}</var>
<arg>x-rapidapi-key=${API_KEY}</arg>
<arg>x-rapidapi-host=${API_HOST}</arg>
<arg>Content-Type=application/json</arg>
<doc>Creates and returns a dictionary based on the given ``items``.</doc>
<status status="PASS" start="2024-08-16T13:39:39.364632" elapsed="0.001000"/>
</kw>
<return>
<value>${headers}</value>
<status status="PASS" start="2024-08-16T13:39:39.365632" elapsed="0.000000"/>
</return>
<msg time="2024-08-16T13:39:39.366631" level="INFO">${headers} = {'x-rapidapi-key': '6fc4363381mshccc938c5300e831p1a2d4cjsnc09dc6d2a411', 'x-rapidapi-host': 'linkedin-jobs-scraper-api.p.rapidapi.com', 'Content-Type': 'application/json'}</msg>
<var>${headers}</var>
<status status="PASS" start="2024-08-16T13:39:39.363633" elapsed="0.002998"/>
</kw>
<kw name="Create Dictionary" owner="BuiltIn">
<msg time="2024-08-16T13:39:39.367632" level="INFO">${data} = {'title': 'Software Engineer', 'location': 'Berlin', 'rows': '25'}</msg>
<var>${data}</var>
<arg>title=Software Engineer</arg>
<arg>location=Berlin</arg>
<arg>rows=25</arg>
<doc>Creates and returns a dictionary based on the given ``items``.</doc>
<status status="PASS" start="2024-08-16T13:39:39.366631" elapsed="0.001001"/>
</kw>
<kw name="POST" owner="RequestsLibrary">
<msg time="2024-08-16T13:39:39.718464" level="INFO">POST Request : url=https://linkedin-jobs-scraper-api.p.rapidapi.com/jobs/trial 
 path_url=/jobs/trial 
 headers={'User-Agent': 'python-requests/2.32.3', 'Accept-Encoding': 'gzip, deflate', 'Accept': '*/*', 'Connection': 'keep-alive', 'x-rapidapi-key': '6fc4363381mshccc938c5300e831p1a2d4cjsnc09dc6d2a411', 'x-rapidapi-host': 'linkedin-jobs-scraper-api.p.rapidapi.com', 'Content-Type': 'application/json', 'Content-Length': '66'} 
 body=b'{"title": "Software Engineer", "location": "Berlin", "rows": "25"}' 
 </msg>
<msg time="2024-08-16T13:39:39.718464" level="INFO">POST Response : url=https://linkedin-jobs-scraper-api.p.rapidapi.com/jobs/trial 
 status=400, reason=Bad Request 
 headers={'Date': 'Fri, 16 Aug 2024 11:39:39 GMT', 'Content-Type': 'application/json; charset=utf-8', 'Content-Length': '116', 'Connection': 'keep-alive', 'ETag': 'W/"74-7NKPlDpJvIXFsveP8GOFNY+hOhs"', 'Origin-Agent-Cluster': '?1', 'X-DNS-Prefetch-Control': 'off', 'Cross-Origin-Resource-Policy': 'same-origin', 'Content-Security-Policy': "default-src 'self';base-uri 'self';font-src 'self' https: data:;form-action 'self';frame-ancestors 'self';img-src 'self' data:;object-src 'none';script-src 'self';script-src-attr 'none';style-src 'self' https: 'unsafe-inline';upgrade-insecure-requests", 'Cross-Origin-Opener-Policy': 'same-origin', 'X-Content-Type-Options': 'nosniff', 'Referrer-Policy': 'no-referrer', 'X-XSS-Protection': '0', 'Strict-Transport-Security': 'max-age=15552000; includeSubDomains', 'X-Download-Options': 'noopen', 'X-Frame-Options': 'SAMEORIGIN', 'X-Permitted-Cross-Domain-Policies': 'none', 'X-RateLimit-Requests-Limit': '25', 'X-RateLimit-Requests-Remaining': '21', 'X-RateLimit-Requests-Reset': '2678257', 'X-RateLimit-rapid-free-plans-hard-limit-Limit': '500000', 'X-RateLimit-rapid-free-plans-hard-limit-Remaining': '499996', 'X-RateLimit-rapid-free-plans-hard-limit-Reset': '2678257', 'Server': 'RapidAPI-1.2.8', 'X-RapidAPI-Version': '1.2.8', 'X-RapidAPI-Region': 'AWS - eu-west-1', 'X-RapidAPI-Request-Id': 'd00e96fd292b5deeacfeb13c09ee518a80c6b0e58da258cfb8653d0ba6c8fd34'} 
 body={"message":["rows must be a number conforming to the specified constraints"],"error":"Bad Request","statusCode":400} 
 </msg>
<msg time="2024-08-16T13:39:39.718464" level="FAIL">HTTPError: 400 Client Error: Bad Request for url: https://linkedin-jobs-scraper-api.p.rapidapi.com/jobs/trial</msg>
<var>${response}</var>
<arg>${BASE_URL}</arg>
<arg>headers=${headers}</arg>
<arg>json=${data}</arg>
<doc>Sends a POST request.</doc>
<status status="FAIL" start="2024-08-16T13:39:39.367632" elapsed="0.352780">HTTPError: 400 Client Error: Bad Request for url: https://linkedin-jobs-scraper-api.p.rapidapi.com/jobs/trial</status>
</kw>
<kw name="Log" owner="BuiltIn">
<arg>Response Status Code: ${response.status_code}</arg>
<doc>Logs the given message with the given level.</doc>
<status status="NOT RUN" start="2024-08-16T13:39:39.721668" elapsed="0.000000"/>
</kw>
<kw name="Log" owner="BuiltIn">
<arg>Response Text: ${response.text}</arg>
<doc>Logs the given message with the given level.</doc>
<status status="NOT RUN" start="2024-08-16T13:39:39.722715" elapsed="0.000000"/>
</kw>
<kw name="Should Be Equal As Numbers" owner="BuiltIn">
<arg>${response.status_code}</arg>
<arg>200</arg>
<doc>Fails if objects are unequal after converting them to real numbers.</doc>
<status status="NOT RUN" start="2024-08-16T13:39:39.722715" elapsed="0.000000"/>
</kw>
<kw name="Log" owner="BuiltIn">
<arg>${response.json()}</arg>
<doc>Logs the given message with the given level.</doc>
<status status="NOT RUN" start="2024-08-16T13:39:39.723723" elapsed="0.000000"/>
</kw>
<status status="FAIL" start="2024-08-16T13:39:39.362632" elapsed="0.361091">HTTPError: 400 Client Error: Bad Request for url: https://linkedin-jobs-scraper-api.p.rapidapi.com/jobs/trial</status>
</test>
<status status="FAIL" start="2024-08-16T13:39:38.593633" elapsed="1.133089"/>
</suite>
<statistics>
<total>
<stat pass="0" fail="1" skip="0">All Tests</stat>
</total>
<tag>
</tag>
<suite>
<stat pass="0" fail="1" skip="0" id="s1" name="Test-Linkedin">Test-Linkedin</stat>
</suite>
</statistics>
<errors>
</errors>
</robot>
