<?xml version="1.0" encoding="UTF-8"?>
<robot generator="Robot 7.0.1 (Python 3.12.4 on win32)" generated="2024-08-16T11:59:31.447768" rpa="false" schemaversion="5">
<suite id="s1" name="Login-Test" source="C:\Users\salah\Downloads\automated-test\api\tests\login-test.robot">
<test id="s1-t1" name="Verify User Login" line="10">
<kw name="Create Headers">
<kw name="Create Dictionary" owner="BuiltIn">
<msg time="2024-08-16T11:59:31.984739" level="INFO">${headers} = {'Content-Type': 'application/json'}</msg>
<var>${headers}</var>
<arg>Content-Type=application/json</arg>
<doc>Creates and returns a dictionary based on the given ``items``.</doc>
<status status="PASS" start="2024-08-16T11:59:31.983740" elapsed="0.000999"/>
</kw>
<return>
<value>${headers}</value>
<status status="PASS" start="2024-08-16T11:59:31.984739" elapsed="0.000000"/>
</return>
<msg time="2024-08-16T11:59:31.985741" level="INFO">${headers} = {'Content-Type': 'application/json'}</msg>
<var>${headers}</var>
<status status="PASS" start="2024-08-16T11:59:31.983740" elapsed="0.002001"/>
</kw>
<kw name="Create Dictionary" owner="BuiltIn">
<msg time="2024-08-16T11:59:31.986739" level="INFO">${data} = {'email': 'salah@gmail.com', 'password': '12345678'}</msg>
<var>${data}</var>
<arg>email=${EMAIL}</arg>
<arg>password=${PASSWORD}</arg>
<doc>Creates and returns a dictionary based on the given ``items``.</doc>
<status status="PASS" start="2024-08-16T11:59:31.985741" elapsed="0.000998"/>
</kw>
<kw name="POST" owner="RequestsLibrary">
<msg time="2024-08-16T11:59:32.331697" level="INFO">POST Request : url=https://automationexercise.com/api/verifyLogin 
 path_url=/api/verifyLogin 
 headers={'User-Agent': 'python-requests/2.32.3', 'Accept-Encoding': 'gzip, deflate', 'Accept': '*/*', 'Connection': 'keep-alive', 'Content-Type': 'application/json', 'Content-Length': '52'} 
 body=b'{"email": "salah@gmail.com", "password": "12345678"}' 
 </msg>
<msg time="2024-08-16T11:59:32.331697" level="INFO">POST Response : url=https://automationexercise.com/api/verifyLogin 
 status=200, reason=OK 
 headers={'Date': 'Fri, 16 Aug 2024 09:59:32 GMT', 'Content-Type': 'text/html; charset=utf-8', 'Transfer-Encoding': 'chunked', 'Connection': 'keep-alive', 'vary': 'Accept,Cookie,Accept-Encoding', 'referrer-policy': 'same-origin', 'x-frame-options': 'DENY', 'x-content-type-options': 'nosniff', 'allow': 'GET, OPTIONS, DELETE, POST, PUT', 'x-powered-by': 'Phusion Passenger(R) 6.0.22', 'status': '200 OK', 'CF-Cache-Status': 'DYNAMIC', 'Report-To': '{"endpoints":[{"url":"https:\\/\\/a.nel.cloudflare.com\\/report\\/v4?s=XLcFV5UIomXj4bLt%2Fj8UfGmxEf2InMEwZ1yD8N9cKkAV78cDZIGDa3PLv%2FWlJmeTrSuWWBR5huCQ1af11E99MaALBi32ui49z5CAwZpDESpi6ehKoN43i%2BmoNqP19ofXeJVmiC7eiBQz"}],"group":"cf-nel","max_age":604800}', 'NEL': '{"success_fraction":0,"report_to":"cf-nel","max_age":604800}', 'Server': 'cloudflare', 'CF-RAY': '8b4092787adecbb8-MAD', 'Content-Encoding': 'gzip', 'alt-svc': 'h3=":443"; ma=86400'} 
 body={"responseCode": 400, "message": "Bad request, email or password parameter is missing in POST request."} 
 </msg>
<msg time="2024-08-16T11:59:32.332741" level="INFO">${response} = &lt;Response [200]&gt;</msg>
<var>${response}</var>
<arg>${BASE_URL}</arg>
<arg>headers=${headers}</arg>
<arg>json=${data}</arg>
<doc>Sends a POST request.</doc>
<status status="PASS" start="2024-08-16T11:59:31.986739" elapsed="0.346002"/>
</kw>
<kw name="Should Be Equal As Numbers" owner="BuiltIn">
<msg time="2024-08-16T11:59:32.334686" level="INFO">Argument types are:
&lt;class 'int'&gt;
&lt;class 'str'&gt;</msg>
<arg>${response.status_code}</arg>
<arg>200</arg>
<doc>Fails if objects are unequal after converting them to real numbers.</doc>
<status status="PASS" start="2024-08-16T11:59:32.333682" elapsed="0.001004"/>
</kw>
<kw name="Should Contain" owner="BuiltIn">
<msg time="2024-08-16T11:59:32.336682" level="FAIL">'{"responseCode": 400, "message": "Bad request, email or password parameter is missing in POST request."}' does not contain 'User exists!'</msg>
<arg>${response.text}</arg>
<arg>User exists!</arg>
<doc>Fails if ``container`` does not contain ``item`` one or more times.</doc>
<status status="FAIL" start="2024-08-16T11:59:32.334686" elapsed="0.001996">'{"responseCode": 400, "message": "Bad request, email or password parameter is missing in POST request."}' does not contain 'User exists!'</status>
</kw>
<status status="FAIL" start="2024-08-16T11:59:31.982742" elapsed="0.354947">'{"responseCode": 400, "message": "Bad request, email or password parameter is missing in POST request."}' does not contain 'User exists!'</status>
</test>
<status status="FAIL" start="2024-08-16T11:59:31.449767" elapsed="0.889916"/>
</suite>
<statistics>
<total>
<stat pass="0" fail="1" skip="0">All Tests</stat>
</total>
<tag>
</tag>
<suite>
<stat pass="0" fail="1" skip="0" id="s1" name="Login-Test">Login-Test</stat>
</suite>
</statistics>
<errors>
</errors>
</robot>
